app/build/intermediates/manifest_merge_blame_file/debug/manifest-merger-blame-debug-report.txt
1<?xml version="1.0" encoding="utf-8"?>
2<manifest xmlns:android="http://schemas.android.com/apk/res/android"
3    package="project.wasim.ul.ie"
4    android:versionCode="1"
5    android:versionName="1.0" >
6
7    <uses-sdk
8        android:minSdkVersion="16"
8-->src\main\AndroidManifest.xml
9        android:targetSdkVersion="29" />
9-->src\main\AndroidManifest.xml
10
11    <application
11-->src\main\AndroidManifest.xml:6:5-34:19
12        android:allowBackup="true"
12-->src\main\AndroidManifest.xml:7:9-35
13        android:appComponentFactory="androidx.core.app.CoreComponentFactory"
13-->[androidx.core:core:1.1.0] AndroidManifest.xml:24:18-86
14        android:debuggable="true"
15        android:icon="@mipmap/ic_launcher"
15-->src\main\AndroidManifest.xml:8:9-43
16        android:label="@string/app_name"
16-->src\main\AndroidManifest.xml:9:9-41
17        android:roundIcon="@mipmap/ic_launcher_round"
17-->src\main\AndroidManifest.xml:10:9-54
18        android:screenOrientation="portrait"
18-->src\main\AndroidManifest.xml:12:9-45
19        android:supportsRtl="true"
19-->src\main\AndroidManifest.xml:11:9-35
20        android:testOnly="true"
21        android:theme="@style/AppTheme" >
21-->src\main\AndroidManifest.xml:14:9-40
22
23        <!-- to stop the retation I get help from https://stackoverflow.com/questions/2730855/prevent-screen-rotation-on-android -->
24        <activity
24-->src\main\AndroidManifest.xml:16:9-28:20
25            android:name="project.wasim.ul.ie.MainActivity"
25-->src\main\AndroidManifest.xml:16:19-47
26            android:screenOrientation="portrait" >
26-->src\main\AndroidManifest.xml:18:13-49
27            <intent-filter>
27-->src\main\AndroidManifest.xml:23:13-27:29
28                <action android:name="android.intent.action.MAIN" />
28-->src\main\AndroidManifest.xml:24:17-69
28-->src\main\AndroidManifest.xml:24:25-66
29
30                <category android:name="android.intent.category.LAUNCHER" />
30-->src\main\AndroidManifest.xml:26:17-77
30-->src\main\AndroidManifest.xml:26:27-74
31            </intent-filter>
32        </activity>
33        <activity
33-->src\main\AndroidManifest.xml:29:9-33:56
34            android:name="project.wasim.ul.ie.MoviesActivity"
34-->src\main\AndroidManifest.xml:31:13-43
35            android:label="@string/app_name"
35-->src\main\AndroidManifest.xml:32:13-45
36            android:screenOrientation="portrait" />
36-->src\main\AndroidManifest.xml:30:13-49
37    </application>
38
39</manifest>